2025-05-05 12:39:13,360 - app - INFO - 初始化應用...
2025-05-05 12:39:13,502 - app - INFO - 開始執行狗和貓寵物登記資料爬蟲...
2025-05-05 12:39:13,502 - app - INFO - 爬取範圍: 2000 年 至 2025 年
2025-05-05 12:39:13,502 - pet_gov_tw_scraper - INFO - 開始爬取狗、貓寵物登記數據 (從 2000 到 2025)
2025-05-05 12:39:13,502 - pet_gov_tw_scraper - INFO - 爬取 2000 年的狗數據...
2025-05-05 12:39:15,049 - pet_gov_tw_scraper - INFO - 成功獲取 2000 年狗數據，共 1 條記錄
2025-05-05 12:39:17,768 - pet_gov_tw_scraper - INFO - 爬取 2000 年的貓數據...
2025-05-05 12:39:18,378 - pet_gov_tw_scraper - INFO - 成功獲取 2000 年貓數據，共 1 條記錄
2025-05-05 12:39:23,128 - pet_gov_tw_scraper - INFO - 爬取 2001 年的狗數據...
2025-05-05 12:39:23,614 - pet_gov_tw_scraper - INFO - 成功獲取 2001 年狗數據，共 1 條記錄
2025-05-05 12:39:27,560 - pet_gov_tw_scraper - INFO - 爬取 2001 年的貓數據...
2025-05-05 12:39:27,930 - pet_gov_tw_scraper - INFO - 成功獲取 2001 年貓數據，共 1 條記錄
2025-05-05 12:39:32,400 - pet_gov_tw_scraper - INFO - 爬取 2002 年的狗數據...
2025-05-05 12:39:32,831 - pet_gov_tw_scraper - INFO - 成功獲取 2002 年狗數據，共 1 條記錄
2025-05-05 12:39:35,959 - pet_gov_tw_scraper - INFO - 爬取 2002 年的貓數據...
2025-05-05 12:39:36,373 - pet_gov_tw_scraper - INFO - 成功獲取 2002 年貓數據，共 1 條記錄
2025-05-05 12:39:41,335 - pet_gov_tw_scraper - INFO - 爬取 2003 年的狗數據...
2025-05-05 12:39:41,692 - pet_gov_tw_scraper - INFO - 成功獲取 2003 年狗數據，共 1 條記錄
2025-05-05 12:39:46,235 - pet_gov_tw_scraper - INFO - 爬取 2003 年的貓數據...
2025-05-05 12:39:47,360 - pet_gov_tw_scraper - INFO - 成功獲取 2003 年貓數據，共 1 條記錄
2025-05-05 12:39:50,205 - pet_gov_tw_scraper - INFO - 爬取 2004 年的狗數據...
2025-05-05 12:39:50,620 - pet_gov_tw_scraper - INFO - 成功獲取 2004 年狗數據，共 1 條記錄
2025-05-05 12:39:55,080 - pet_gov_tw_scraper - INFO - 爬取 2004 年的貓數據...
2025-05-05 12:39:55,440 - pet_gov_tw_scraper - INFO - 成功獲取 2004 年貓數據，共 1 條記錄
2025-05-05 12:39:57,682 - pet_gov_tw_scraper - INFO - 爬取 2005 年的狗數據...
2025-05-05 12:39:58,073 - pet_gov_tw_scraper - INFO - 成功獲取 2005 年狗數據，共 1 條記錄
2025-05-05 12:40:01,497 - pet_gov_tw_scraper - INFO - 爬取 2005 年的貓數據...
2025-05-05 12:40:01,961 - pet_gov_tw_scraper - INFO - 成功獲取 2005 年貓數據，共 1 條記錄
2025-05-05 12:40:04,055 - pet_gov_tw_scraper - INFO - 爬取 2006 年的狗數據...
2025-05-05 12:40:04,458 - pet_gov_tw_scraper - INFO - 成功獲取 2006 年狗數據，共 1 條記錄
2025-05-05 12:40:07,576 - pet_gov_tw_scraper - INFO - 爬取 2006 年的貓數據...
2025-05-05 12:40:07,962 - pet_gov_tw_scraper - INFO - 成功獲取 2006 年貓數據，共 1 條記錄
2025-05-05 12:40:10,222 - pet_gov_tw_scraper - INFO - 爬取 2007 年的狗數據...
2025-05-05 12:40:10,581 - pet_gov_tw_scraper - INFO - 成功獲取 2007 年狗數據，共 1 條記錄
2025-05-05 12:40:13,232 - pet_gov_tw_scraper - INFO - 爬取 2007 年的貓數據...
2025-05-05 12:40:13,623 - pet_gov_tw_scraper - INFO - 成功獲取 2007 年貓數據，共 1 條記錄
2025-05-05 12:40:17,858 - pet_gov_tw_scraper - INFO - 爬取 2008 年的狗數據...
2025-05-05 12:40:18,256 - pet_gov_tw_scraper - INFO - 成功獲取 2008 年狗數據，共 1 條記錄
2025-05-05 12:40:22,025 - pet_gov_tw_scraper - INFO - 爬取 2008 年的貓數據...
2025-05-05 12:40:22,898 - pet_gov_tw_scraper - INFO - 成功獲取 2008 年貓數據，共 1 條記錄
2025-05-05 12:40:26,692 - pet_gov_tw_scraper - INFO - 爬取 2009 年的狗數據...
2025-05-05 12:40:27,111 - pet_gov_tw_scraper - INFO - 成功獲取 2009 年狗數據，共 1 條記錄
2025-05-05 12:40:31,147 - pet_gov_tw_scraper - INFO - 爬取 2009 年的貓數據...
2025-05-05 12:40:32,745 - pet_gov_tw_scraper - INFO - 成功獲取 2009 年貓數據，共 1 條記錄
2025-05-05 12:40:35,386 - pet_gov_tw_scraper - INFO - 爬取 2010 年的狗數據...
2025-05-05 12:40:35,970 - pet_gov_tw_scraper - INFO - 成功獲取 2010 年狗數據，共 1 條記錄
2025-05-05 12:40:39,342 - pet_gov_tw_scraper - INFO - 爬取 2010 年的貓數據...
2025-05-05 12:40:39,713 - pet_gov_tw_scraper - INFO - 成功獲取 2010 年貓數據，共 1 條記錄
2025-05-05 12:40:42,133 - pet_gov_tw_scraper - INFO - 爬取 2011 年的狗數據...
2025-05-05 12:40:42,495 - pet_gov_tw_scraper - INFO - 成功獲取 2011 年狗數據，共 1 條記錄
2025-05-05 12:40:46,116 - pet_gov_tw_scraper - INFO - 爬取 2011 年的貓數據...
2025-05-05 12:40:46,479 - pet_gov_tw_scraper - INFO - 成功獲取 2011 年貓數據，共 1 條記錄
2025-05-05 12:40:50,148 - pet_gov_tw_scraper - INFO - 爬取 2012 年的狗數據...
2025-05-05 12:40:50,542 - pet_gov_tw_scraper - INFO - 成功獲取 2012 年狗數據，共 1 條記錄
2025-05-05 12:40:53,550 - pet_gov_tw_scraper - INFO - 爬取 2012 年的貓數據...
2025-05-05 12:40:54,008 - pet_gov_tw_scraper - INFO - 成功獲取 2012 年貓數據，共 1 條記錄
2025-05-05 12:40:58,388 - pet_gov_tw_scraper - INFO - 爬取 2013 年的狗數據...
2025-05-05 12:40:59,072 - pet_gov_tw_scraper - INFO - 成功獲取 2013 年狗數據，共 1 條記錄
2025-05-05 12:41:03,775 - pet_gov_tw_scraper - INFO - 爬取 2013 年的貓數據...
2025-05-05 12:41:04,132 - pet_gov_tw_scraper - INFO - 成功獲取 2013 年貓數據，共 1 條記錄
2025-05-05 12:41:08,810 - pet_gov_tw_scraper - INFO - 爬取 2014 年的狗數據...
2025-05-05 12:41:09,211 - pet_gov_tw_scraper - INFO - 成功獲取 2014 年狗數據，共 1 條記錄
2025-05-05 12:41:11,300 - pet_gov_tw_scraper - INFO - 爬取 2014 年的貓數據...
2025-05-05 12:41:11,669 - pet_gov_tw_scraper - INFO - 成功獲取 2014 年貓數據，共 1 條記錄
2025-05-05 12:41:15,728 - pet_gov_tw_scraper - INFO - 爬取 2015 年的狗數據...
2025-05-05 12:41:16,097 - pet_gov_tw_scraper - INFO - 成功獲取 2015 年狗數據，共 1 條記錄
2025-05-05 12:41:19,256 - pet_gov_tw_scraper - INFO - 爬取 2015 年的貓數據...
2025-05-05 12:41:19,684 - pet_gov_tw_scraper - INFO - 成功獲取 2015 年貓數據，共 1 條記錄
2025-05-05 12:41:22,957 - pet_gov_tw_scraper - INFO - 爬取 2016 年的狗數據...
2025-05-05 12:41:23,399 - pet_gov_tw_scraper - INFO - 成功獲取 2016 年狗數據，共 1 條記錄
2025-05-05 12:41:27,662 - pet_gov_tw_scraper - INFO - 爬取 2016 年的貓數據...
2025-05-05 12:41:28,019 - pet_gov_tw_scraper - INFO - 成功獲取 2016 年貓數據，共 1 條記錄
2025-05-05 12:41:32,103 - pet_gov_tw_scraper - INFO - 爬取 2017 年的狗數據...
2025-05-05 12:41:32,513 - pet_gov_tw_scraper - INFO - 成功獲取 2017 年狗數據，共 1 條記錄
2025-05-05 12:41:36,456 - pet_gov_tw_scraper - INFO - 爬取 2017 年的貓數據...
2025-05-05 12:41:36,905 - pet_gov_tw_scraper - INFO - 成功獲取 2017 年貓數據，共 1 條記錄
2025-05-05 12:41:40,586 - pet_gov_tw_scraper - INFO - 爬取 2018 年的狗數據...
2025-05-05 12:41:41,023 - pet_gov_tw_scraper - INFO - 成功獲取 2018 年狗數據，共 1 條記錄
2025-05-05 12:41:45,041 - pet_gov_tw_scraper - INFO - 爬取 2018 年的貓數據...
2025-05-05 12:41:45,528 - pet_gov_tw_scraper - INFO - 成功獲取 2018 年貓數據，共 1 條記錄
2025-05-05 12:41:47,651 - pet_gov_tw_scraper - INFO - 爬取 2019 年的狗數據...
2025-05-05 12:41:48,115 - pet_gov_tw_scraper - INFO - 成功獲取 2019 年狗數據，共 1 條記錄
2025-05-05 12:41:52,669 - pet_gov_tw_scraper - INFO - 爬取 2019 年的貓數據...
2025-05-05 12:41:53,721 - pet_gov_tw_scraper - INFO - 成功獲取 2019 年貓數據，共 1 條記錄
2025-05-05 12:41:57,707 - pet_gov_tw_scraper - INFO - 爬取 2020 年的狗數據...
2025-05-05 12:41:58,750 - pet_gov_tw_scraper - INFO - 成功獲取 2020 年狗數據，共 1 條記錄
2025-05-05 12:42:01,634 - pet_gov_tw_scraper - INFO - 爬取 2020 年的貓數據...
2025-05-05 12:42:03,661 - pet_gov_tw_scraper - INFO - 成功獲取 2020 年貓數據，共 1 條記錄
2025-05-05 12:42:06,819 - pet_gov_tw_scraper - INFO - 爬取 2021 年的狗數據...
2025-05-05 12:42:07,896 - pet_gov_tw_scraper - INFO - 成功獲取 2021 年狗數據，共 1 條記錄
2025-05-05 12:42:11,325 - pet_gov_tw_scraper - INFO - 爬取 2021 年的貓數據...
2025-05-05 12:42:11,773 - pet_gov_tw_scraper - INFO - 成功獲取 2021 年貓數據，共 1 條記錄
2025-05-05 12:42:15,509 - pet_gov_tw_scraper - INFO - 爬取 2022 年的狗數據...
2025-05-05 12:42:15,993 - pet_gov_tw_scraper - INFO - 成功獲取 2022 年狗數據，共 1 條記錄
2025-05-05 12:42:20,852 - pet_gov_tw_scraper - INFO - 爬取 2022 年的貓數據...
2025-05-05 12:42:21,335 - pet_gov_tw_scraper - INFO - 成功獲取 2022 年貓數據，共 1 條記錄
2025-05-05 12:42:26,149 - pet_gov_tw_scraper - INFO - 爬取 2023 年的狗數據...
2025-05-05 12:42:26,595 - pet_gov_tw_scraper - INFO - 成功獲取 2023 年狗數據，共 1 條記錄
2025-05-05 12:42:30,287 - pet_gov_tw_scraper - INFO - 爬取 2023 年的貓數據...
2025-05-05 12:42:31,315 - pet_gov_tw_scraper - INFO - 成功獲取 2023 年貓數據，共 1 條記錄
2025-05-05 12:42:34,632 - pet_gov_tw_scraper - INFO - 爬取 2024 年的狗數據...
2025-05-05 12:42:35,058 - pet_gov_tw_scraper - INFO - 成功獲取 2024 年狗數據，共 1 條記錄
2025-05-05 12:42:38,068 - pet_gov_tw_scraper - INFO - 爬取 2024 年的貓數據...
2025-05-05 12:42:38,484 - pet_gov_tw_scraper - INFO - 成功獲取 2024 年貓數據，共 1 條記錄
2025-05-05 12:42:42,060 - pet_gov_tw_scraper - INFO - 爬取 2025 年的狗數據...
2025-05-05 12:42:42,493 - pet_gov_tw_scraper - INFO - 成功獲取 2025 年狗數據，共 1 條記錄
2025-05-05 12:42:46,132 - pet_gov_tw_scraper - INFO - 爬取 2025 年的貓數據...
2025-05-05 12:42:46,577 - pet_gov_tw_scraper - INFO - 成功獲取 2025 年貓數據，共 1 條記錄
2025-05-05 12:42:49,334 - pet_gov_tw_scraper - INFO - 爬取完成，共獲取 52 條數據
2025-05-05 12:42:49,334 - app - INFO - 成功爬取 52 條數據
2025-05-05 12:42:49,336 - app - INFO - 數據已保存為JSON: data/pet_registration_data.json
2025-05-05 12:42:49,337 - app - INFO - 數據已保存為JS變量: public/js/pet_registration_data.js
2025-05-05 12:42:49,337 - app - INFO - 報告已生成: data/pet_registration_report.txt
2025-05-05 12:42:49,337 - app - INFO - 爬蟲執行完成
